<2023-03-16 21:52:29+0300>	[Info]	Started logging at 'Default file logger'
<2023-03-16 21:52:29+0300>	[Info]	Started logging at 'Console logger'
<2023-03-16 21:52:29+0300>	[WARN]	Condition 'res == 0' not met in 'int main():35', file: src/main.cpp
<2023-03-16 21:52:29+0300>	[ERROR]	Failed to open file 'crack_me.com'
<2023-03-16 21:53:06+0300>	[Info]	Started logging at 'Default file logger'
<2023-03-16 21:53:06+0300>	[Info]	Started logging at 'Console logger'
<2023-03-16 21:53:06+0300>	[WARN]	Condition 'unmap_file_mapping(&mapping)' not met in 'int main():48', file: src/main.cpp
<2023-03-16 21:53:52+0300>	[Info]	Started logging at 'Default file logger'
<2023-03-16 21:53:52+0300>	[Info]	Started logging at 'Console logger'
<2023-03-16 22:17:56+0300>	[Info]	Started logging at 'Default file logger'
<2023-03-16 22:17:56+0300>	[Info]	Started logging at 'Console logger'
<2023-03-16 22:19:53+0300>	[Info]	Started logging at 'Default file logger'
<2023-03-16 22:19:53+0300>	[Info]	Started logging at 'Console logger'
<2023-03-16 22:20:10+0300>	[Info]	Started logging at 'Default file logger'
<2023-03-16 22:20:10+0300>	[Info]	Started logging at 'Console logger'
<2023-03-16 22:20:23+0300>	[Info]	Started logging at 'Default file logger'
<2023-03-16 22:20:23+0300>	[Info]	Started logging at 'Console logger'
<2023-03-16 22:21:06+0300>	[Info]	Started logging at 'Default file logger'
<2023-03-16 22:21:06+0300>	[Info]	Started logging at 'Console logger'
<2023-03-16 22:21:29+0300>	[Info]	Started logging at 'Default file logger'
<2023-03-16 22:21:29+0300>	[Info]	Started logging at 'Console logger'
<2023-03-16 22:22:09+0300>	[Info]	Started logging at 'Default file logger'
<2023-03-16 22:22:09+0300>	[Info]	Started logging at 'Console logger'
<2023-03-16 22:22:21+0300>	[Info]	Started logging at 'Default file logger'
<2023-03-16 22:22:21+0300>	[Info]	Started logging at 'Console logger'
<2023-03-16 22:22:48+0300>	[Info]	Started logging at 'Default file logger'
<2023-03-16 22:22:48+0300>	[Info]	Started logging at 'Console logger'
<2023-03-16 22:23:54+0300>	[Info]	Started logging at 'Default file logger'
<2023-03-16 22:23:54+0300>	[Info]	Started logging at 'Console logger'
<2023-03-16 22:24:19+0300>	[Info]	Started logging at 'Default file logger'
<2023-03-16 22:24:19+0300>	[Info]	Started logging at 'Console logger'
<2023-03-16 22:25:37+0300>	[Info]	Started logging at 'Default file logger'
<2023-03-16 22:25:37+0300>	[Info]	Started logging at 'Console logger'
<2023-03-16 22:26:02+0300>	[Info]	Started logging at 'Default file logger'
<2023-03-16 22:26:02+0300>	[Info]	Started logging at 'Console logger'
<2023-03-16 22:29:31+0300>	[Info]	Started logging at 'Default file logger'
<2023-03-16 22:29:31+0300>	[Info]	Started logging at 'Console logger'
<2023-03-16 22:45:36+0300>	[Info]	Started logging at 'Default file logger'
<2023-03-16 22:45:36+0300>	[Info]	Started logging at 'Console logger'
<2023-03-16 22:47:45+0300>	[Info]	Started logging at 'Default file logger'
<2023-03-16 22:47:45+0300>	[Info]	Started logging at 'Console logger'
<2023-03-16 22:47:55+0300>	[Info]	Started logging at 'Default file logger'
<2023-03-16 22:47:55+0300>	[Info]	Started logging at 'Console logger'
<2023-03-16 22:48:44+0300>	[Info]	Started logging at 'Default file logger'
<2023-03-16 22:48:44+0300>	[Info]	Started logging at 'Console logger'
<2023-03-16 22:48:56+0300>	[Info]	Started logging at 'Default file logger'
<2023-03-16 22:48:56+0300>	[Info]	Started logging at 'Console logger'
<2023-03-16 22:51:12+0300>	[Info]	Started logging at 'Default file logger'
<2023-03-16 22:51:12+0300>	[Info]	Started logging at 'Console logger'
<2023-03-16 22:51:25+0300>	[Info]	Started logging at 'Default file logger'
<2023-03-16 22:51:25+0300>	[Info]	Started logging at 'Console logger'
<2023-03-16 22:52:07+0300>	[Info]	Started logging at 'Default file logger'
<2023-03-16 22:52:07+0300>	[Info]	Started logging at 'Console logger'
<2023-03-16 22:52:55+0300>	[Info]	Started logging at 'Default file logger'
<2023-03-16 22:52:55+0300>	[Info]	Started logging at 'Console logger'
<2023-03-16 22:56:34+0300>	[Info]	Started logging at 'Default file logger'
<2023-03-16 22:56:34+0300>	[Info]	Started logging at 'Console logger'
<2023-03-16 22:56:47+0300>	[Info]	Started logging at 'Default file logger'
<2023-03-16 22:56:47+0300>	[Info]	Started logging at 'Console logger'
<2023-03-16 22:56:56+0300>	[Info]	Started logging at 'Default file logger'
<2023-03-16 22:56:56+0300>	[Info]	Started logging at 'Console logger'
<2023-03-16 22:57:14+0300>	[Info]	Started logging at 'Default file logger'
<2023-03-16 22:57:14+0300>	[Info]	Started logging at 'Console logger'
<2023-03-16 22:57:24+0300>	[Info]	Started logging at 'Default file logger'
<2023-03-16 22:57:24+0300>	[Info]	Started logging at 'Console logger'
<2023-03-16 23:00:09+0300>	[Info]	Started logging at 'Default file logger'
<2023-03-16 23:00:09+0300>	[Info]	Started logging at 'Console logger'
<2023-03-16 23:00:21+0300>	[Info]	Started logging at 'Default file logger'
<2023-03-16 23:00:21+0300>	[Info]	Started logging at 'Console logger'
<2023-03-16 23:00:50+0300>	[Info]	Started logging at 'Default file logger'
<2023-03-16 23:00:50+0300>	[Info]	Started logging at 'Console logger'
<2023-03-16 23:01:24+0300>	[Info]	Started logging at 'Default file logger'
<2023-03-16 23:01:24+0300>	[Info]	Started logging at 'Console logger'
<2023-03-16 23:01:48+0300>	[Info]	Started logging at 'Default file logger'
<2023-03-16 23:01:48+0300>	[Info]	Started logging at 'Console logger'
<2023-03-16 23:02:06+0300>	[Info]	Started logging at 'Default file logger'
<2023-03-16 23:02:06+0300>	[Info]	Started logging at 'Console logger'
<2023-03-16 23:02:21+0300>	[Info]	Started logging at 'Default file logger'
<2023-03-16 23:02:21+0300>	[Info]	Started logging at 'Console logger'
<2023-03-16 23:02:33+0300>	[Info]	Started logging at 'Default file logger'
<2023-03-16 23:02:33+0300>	[Info]	Started logging at 'Console logger'
<2023-03-16 23:03:17+0300>	[Info]	Started logging at 'Default file logger'
<2023-03-16 23:03:17+0300>	[Info]	Started logging at 'Console logger'
<2023-03-16 23:03:40+0300>	[Info]	Started logging at 'Default file logger'
<2023-03-16 23:03:40+0300>	[Info]	Started logging at 'Console logger'
<2023-03-16 23:04:00+0300>	[Info]	Started logging at 'Default file logger'
<2023-03-16 23:04:00+0300>	[Info]	Started logging at 'Console logger'
<2023-03-16 23:04:13+0300>	[Info]	Started logging at 'Default file logger'
<2023-03-16 23:04:13+0300>	[Info]	Started logging at 'Console logger'
<2023-03-16 23:04:36+0300>	[Info]	Started logging at 'Default file logger'
<2023-03-16 23:04:36+0300>	[Info]	Started logging at 'Console logger'
<2023-03-16 23:05:13+0300>	[Info]	Started logging at 'Default file logger'
<2023-03-16 23:05:13+0300>	[Info]	Started logging at 'Console logger'
<2023-03-16 23:05:30+0300>	[Info]	Started logging at 'Default file logger'
<2023-03-16 23:05:30+0300>	[Info]	Started logging at 'Console logger'
<2023-03-16 23:05:57+0300>	[Info]	Started logging at 'Default file logger'
<2023-03-16 23:05:57+0300>	[Info]	Started logging at 'Console logger'
<2023-03-16 23:06:08+0300>	[Info]	Started logging at 'Default file logger'
<2023-03-16 23:06:08+0300>	[Info]	Started logging at 'Console logger'
<2023-03-16 23:07:00+0300>	[Info]	Started logging at 'Default file logger'
<2023-03-16 23:07:00+0300>	[Info]	Started logging at 'Console logger'
<2023-03-16 23:07:09+0300>	[Info]	Started logging at 'Default file logger'
<2023-03-16 23:07:09+0300>	[Info]	Started logging at 'Console logger'
<2023-03-16 23:07:48+0300>	[Info]	Started logging at 'Default file logger'
<2023-03-16 23:07:48+0300>	[Info]	Started logging at 'Console logger'
<2023-03-16 23:08:02+0300>	[Info]	Started logging at 'Default file logger'
<2023-03-16 23:08:02+0300>	[Info]	Started logging at 'Console logger'
<2023-03-16 23:08:16+0300>	[Info]	Started logging at 'Default file logger'
<2023-03-16 23:08:16+0300>	[Info]	Started logging at 'Console logger'
<2023-03-16 23:10:02+0300>	[Info]	Started logging at 'Default file logger'
<2023-03-16 23:10:02+0300>	[Info]	Started logging at 'Console logger'
<2023-03-16 23:11:08+0300>	[Info]	Started logging at 'Default file logger'
<2023-03-16 23:11:08+0300>	[Info]	Started logging at 'Console logger'
<2023-03-16 23:11:26+0300>	[Info]	Started logging at 'Default file logger'
<2023-03-16 23:11:26+0300>	[Info]	Started logging at 'Console logger'
<2023-03-16 23:11:55+0300>	[Info]	Started logging at 'Default file logger'
<2023-03-16 23:11:55+0300>	[Info]	Started logging at 'Console logger'
<2023-03-16 23:13:13+0300>	[Info]	Started logging at 'Default file logger'
<2023-03-16 23:13:13+0300>	[Info]	Started logging at 'Console logger'
<2023-03-16 23:13:31+0300>	[Info]	Started logging at 'Default file logger'
<2023-03-16 23:13:31+0300>	[Info]	Started logging at 'Console logger'
<2023-03-16 23:13:55+0300>	[Info]	Started logging at 'Default file logger'
<2023-03-16 23:13:55+0300>	[Info]	Started logging at 'Console logger'
<2023-03-16 23:14:55+0300>	[Info]	Started logging at 'Default file logger'
<2023-03-16 23:14:55+0300>	[Info]	Started logging at 'Console logger'
<2023-03-16 23:19:47+0300>	[Info]	Started logging at 'Default file logger'
<2023-03-16 23:19:47+0300>	[Info]	Started logging at 'Console logger'
<2023-03-16 23:20:15+0300>	[Info]	Started logging at 'Default file logger'
<2023-03-16 23:20:15+0300>	[Info]	Started logging at 'Console logger'
<2023-03-16 23:20:32+0300>	[Info]	Started logging at 'Default file logger'
<2023-03-16 23:20:32+0300>	[Info]	Started logging at 'Console logger'
<2023-03-16 23:26:02+0300>	[Info]	Started logging at 'Default file logger'
<2023-03-16 23:26:02+0300>	[Info]	Started logging at 'Console logger'
<2023-03-16 23:27:30+0300>	[Info]	Started logging at 'Default file logger'
<2023-03-16 23:27:30+0300>	[Info]	Started logging at 'Console logger'
<2023-03-16 23:29:10+0300>	[Info]	Started logging at 'Default file logger'
<2023-03-16 23:29:10+0300>	[Info]	Started logging at 'Console logger'
<2023-03-16 23:31:47+0300>	[Info]	Started logging at 'Default file logger'
<2023-03-16 23:31:47+0300>	[Info]	Started logging at 'Console logger'
<2023-03-16 23:32:48+0300>	[Info]	Started logging at 'Default file logger'
<2023-03-16 23:32:48+0300>	[Info]	Started logging at 'Console logger'
<2023-03-16 23:33:22+0300>	[Info]	Started logging at 'Default file logger'
<2023-03-16 23:33:22+0300>	[Info]	Started logging at 'Console logger'
<2023-03-16 23:34:47+0300>	[Info]	Started logging at 'Default file logger'
<2023-03-16 23:34:47+0300>	[Info]	Started logging at 'Console logger'
